  [1m[36m (26.5ms)[0m  [1mCREATE TABLE "schema_migrations" ("version" character varying NOT NULL) [0m
  [1m[35m (1.7ms)[0m  CREATE UNIQUE INDEX  "unique_schema_migrations" ON "schema_migrations"  ("version")
  [1m[36mActiveRecord::SchemaMigration Load (0.3ms)[0m  [1mSELECT "schema_migrations".* FROM "schema_migrations"[0m
Migrating to CreatePosts (20150328154442)
  [1m[35m (0.1ms)[0m  BEGIN
  [1m[36m (27.4ms)[0m  [1mCREATE TABLE "posts" ("id" serial primary key, "title" character varying, "body" text, "created_at" timestamp NOT NULL, "updated_at" timestamp NOT NULL) [0m
  [1m[35mSQL (12.1ms)[0m  INSERT INTO "schema_migrations" ("version") VALUES ($1)  [["version", "20150328154442"]]
  [1m[36m (6.5ms)[0m  [1mCOMMIT[0m
Migrating to CreateComments (20150328154458)
  [1m[35m (5.0ms)[0m  BEGIN
  [1m[36m (3.5ms)[0m  [1mCREATE TABLE "comments" ("id" serial primary key, "post_id" integer, "body" text, "created_at" timestamp NOT NULL, "updated_at" timestamp NOT NULL) [0m
  [1m[35mSQL (0.1ms)[0m  INSERT INTO "schema_migrations" ("version") VALUES ($1)  [["version", "20150328154458"]]
  [1m[36m (0.6ms)[0m  [1mCOMMIT[0m
  [1m[35mActiveRecord::SchemaMigration Load (0.2ms)[0m  SELECT "schema_migrations".* FROM "schema_migrations"
  [1m[36m (2.3ms)[0m  [1mSELECT t2.oid::regclass::text AS to_table, a1.attname AS column, a2.attname AS primary_key, c.conname AS name, c.confupdtype AS on_update, c.confdeltype AS on_delete
FROM pg_constraint c
JOIN pg_class t1 ON c.conrelid = t1.oid
JOIN pg_class t2 ON c.confrelid = t2.oid
JOIN pg_attribute a1 ON a1.attnum = c.conkey[1] AND a1.attrelid = t1.oid
JOIN pg_attribute a2 ON a2.attnum = c.confkey[1] AND a2.attrelid = t2.oid
JOIN pg_namespace t3 ON c.connamespace = t3.oid
WHERE c.contype = 'f'
  AND t1.relname = 'comments'
  AND t3.nspname = ANY (current_schemas(false))
ORDER BY c.conname
[0m
  [1m[35m (1.9ms)[0m  SELECT t2.oid::regclass::text AS to_table, a1.attname AS column, a2.attname AS primary_key, c.conname AS name, c.confupdtype AS on_update, c.confdeltype AS on_delete
FROM pg_constraint c
JOIN pg_class t1 ON c.conrelid = t1.oid
JOIN pg_class t2 ON c.confrelid = t2.oid
JOIN pg_attribute a1 ON a1.attnum = c.conkey[1] AND a1.attrelid = t1.oid
JOIN pg_attribute a2 ON a2.attnum = c.confkey[1] AND a2.attrelid = t2.oid
JOIN pg_namespace t3 ON c.connamespace = t3.oid
WHERE c.contype = 'f'
  AND t1.relname = 'posts'
  AND t3.nspname = ANY (current_schemas(false))
ORDER BY c.conname



Started GET "/posts" for ::1 at 2015-03-28 09:46:47 -0600
  [1m[36mActiveRecord::SchemaMigration Load (0.3ms)[0m  [1mSELECT "schema_migrations".* FROM "schema_migrations"[0m
Processing by PostsController#index as HTML
  [1m[35mPost Load (0.5ms)[0m  SELECT "posts".* FROM "posts"
  Rendered posts/index.html.erb within layouts/application (5.6ms)
Completed 200 OK in 1443ms (Views: 1430.9ms | ActiveRecord: 1.3ms)


Started GET "/assets/comments-64e62ddc273c2f5847f30d698ca14b67.css?body=1" for ::1 at 2015-03-28 09:46:49 -0600


Started GET "/assets/posts-64e62ddc273c2f5847f30d698ca14b67.css?body=1" for ::1 at 2015-03-28 09:46:49 -0600


Started GET "/assets/scaffolds-b443758bebd9d77503f249c38f4d5e8d.css?body=1" for ::1 at 2015-03-28 09:46:49 -0600


Started GET "/assets/application-3caf5de8bd6fa591cf123977b0d00760.css?body=1" for ::1 at 2015-03-28 09:46:49 -0600


Started GET "/assets/jquery-87424c3c19e96d4fb033c10ebe21ec40.js?body=1" for ::1 at 2015-03-28 09:46:49 -0600


Started GET "/assets/jquery_ujs-e27bd20a10d28155845a22d71ef94f2f.js?body=1" for ::1 at 2015-03-28 09:46:49 -0600


Started GET "/assets/turbolinks-f87b3583ca50adb0488b031297f5580d.js?body=1" for ::1 at 2015-03-28 09:46:49 -0600


Started GET "/assets/comments-fcec5b5a277ac7c20cc9f45a209a3bcd.js?body=1" for ::1 at 2015-03-28 09:46:49 -0600


Started GET "/assets/posts-fcec5b5a277ac7c20cc9f45a209a3bcd.js?body=1" for ::1 at 2015-03-28 09:46:49 -0600


Started GET "/assets/application-e5e7face3f4512cb331acefd5e77b444.js?body=1" for ::1 at 2015-03-28 09:46:49 -0600


Started GET "/posts/new" for ::1 at 2015-03-28 09:46:50 -0600
Processing by PostsController#new as HTML
  Rendered posts/_form.html.erb (22.0ms)
  Rendered posts/new.html.erb within layouts/application (27.9ms)
Completed 200 OK in 81ms (Views: 74.8ms | ActiveRecord: 2.1ms)


Started POST "/posts" for ::1 at 2015-03-28 09:46:59 -0600
Processing by PostsController#create as HTML
  Parameters: {"utf8"=>"✓", "authenticity_token"=>"NjtCl5snyy9WyOwwUDrmqBKhAhyzB//2MEADEtaNQWUxr7FG/pF7aNmv23RdS2J8mvd646tlbv2bbb4GkqnVhQ==", "post"=>{"title"=>"My first post", "body"=>"Hello world!"}, "commit"=>"Create Post"}
  [1m[36m (0.1ms)[0m  [1mBEGIN[0m
  [1m[35mSQL (6.7ms)[0m  INSERT INTO "posts" ("title", "body", "created_at", "updated_at") VALUES ($1, $2, $3, $4) RETURNING "id"  [["title", "My first post"], ["body", "Hello world!"], ["created_at", "2015-03-28 15:46:59.607645"], ["updated_at", "2015-03-28 15:46:59.607645"]]
  [1m[36m (6.3ms)[0m  [1mCOMMIT[0m
Redirected to http://localhost:3000/posts/1
Completed 302 Found in 26ms (ActiveRecord: 13.4ms)


Started GET "/posts/1" for ::1 at 2015-03-28 09:46:59 -0600
Processing by PostsController#show as HTML
  Parameters: {"id"=>"1"}
  [1m[35mPost Load (0.3ms)[0m  SELECT  "posts".* FROM "posts" WHERE "posts"."id" = $1 LIMIT 1  [["id", 1]]
  Rendered posts/show.html.erb within layouts/application (0.8ms)
Completed 200 OK in 72ms (Views: 58.9ms | ActiveRecord: 0.3ms)


Started GET "/coment" for ::1 at 2015-03-28 09:47:15 -0600

ActionController::RoutingError (No route matches [GET] "/coment"):
  actionpack (4.2.1) lib/action_dispatch/middleware/debug_exceptions.rb:21:in `call'
  web-console (2.1.2) lib/web_console/middleware.rb:37:in `call'
  actionpack (4.2.1) lib/action_dispatch/middleware/show_exceptions.rb:30:in `call'
  railties (4.2.1) lib/rails/rack/logger.rb:38:in `call_app'
  railties (4.2.1) lib/rails/rack/logger.rb:20:in `block in call'
  activesupport (4.2.1) lib/active_support/tagged_logging.rb:68:in `block in tagged'
  activesupport (4.2.1) lib/active_support/tagged_logging.rb:26:in `tagged'
  activesupport (4.2.1) lib/active_support/tagged_logging.rb:68:in `tagged'
  railties (4.2.1) lib/rails/rack/logger.rb:20:in `call'
  actionpack (4.2.1) lib/action_dispatch/middleware/request_id.rb:21:in `call'
  rack (1.6.0) lib/rack/methodoverride.rb:22:in `call'
  rack (1.6.0) lib/rack/runtime.rb:18:in `call'
  activesupport (4.2.1) lib/active_support/cache/strategy/local_cache_middleware.rb:28:in `call'
  rack (1.6.0) lib/rack/lock.rb:17:in `call'
  actionpack (4.2.1) lib/action_dispatch/middleware/static.rb:113:in `call'
  rack (1.6.0) lib/rack/sendfile.rb:113:in `call'
  railties (4.2.1) lib/rails/engine.rb:518:in `call'
  railties (4.2.1) lib/rails/application.rb:164:in `call'
  rack (1.6.0) lib/rack/lock.rb:17:in `call'
  rack (1.6.0) lib/rack/content_length.rb:15:in `call'
  rack (1.6.0) lib/rack/handler/webrick.rb:89:in `service'
  /Users/Daniel/.rvm/rubies/ruby-2.2.0/lib/ruby/2.2.0/webrick/httpserver.rb:138:in `service'
  /Users/Daniel/.rvm/rubies/ruby-2.2.0/lib/ruby/2.2.0/webrick/httpserver.rb:94:in `run'
  /Users/Daniel/.rvm/rubies/ruby-2.2.0/lib/ruby/2.2.0/webrick/server.rb:294:in `block in start_thread'


  Rendered /Users/Daniel/.rvm/gems/ruby-2.2.0@global/gems/actionpack-4.2.1/lib/action_dispatch/middleware/templates/rescues/_trace.html.erb (1.3ms)
  Rendered /Users/Daniel/.rvm/gems/ruby-2.2.0@global/gems/actionpack-4.2.1/lib/action_dispatch/middleware/templates/routes/_route.html.erb (1.3ms)
  Rendered /Users/Daniel/.rvm/gems/ruby-2.2.0@global/gems/actionpack-4.2.1/lib/action_dispatch/middleware/templates/routes/_table.html.erb (2.4ms)
  Rendered /Users/Daniel/.rvm/gems/ruby-2.2.0@global/gems/actionpack-4.2.1/lib/action_dispatch/middleware/templates/rescues/_request_and_response.html.erb (1.6ms)
  Rendered /Users/Daniel/.rvm/gems/ruby-2.2.0@global/gems/actionpack-4.2.1/lib/action_dispatch/middleware/templates/rescues/routing_error.html.erb within rescues/layout (88.7ms)
  Rendered /Users/Daniel/.rvm/gems/ruby-2.2.0/gems/web-console-2.1.2/lib/web_console/templates/_markup.html.erb (0.5ms)
  Rendered /Users/Daniel/.rvm/gems/ruby-2.2.0/gems/web-console-2.1.2/lib/web_console/templates/style.css.erb within layouts/inlined_string (0.3ms)
  Rendered /Users/Daniel/.rvm/gems/ruby-2.2.0/gems/web-console-2.1.2/lib/web_console/templates/_inner_console_markup.html.erb within layouts/inlined_string (0.3ms)
  Rendered /Users/Daniel/.rvm/gems/ruby-2.2.0/gems/web-console-2.1.2/lib/web_console/templates/_prompt_box_markup.html.erb within layouts/inlined_string (0.3ms)
  Rendered /Users/Daniel/.rvm/gems/ruby-2.2.0/gems/web-console-2.1.2/lib/web_console/templates/console.js.erb within layouts/javascript (46.0ms)
  Rendered /Users/Daniel/.rvm/gems/ruby-2.2.0/gems/web-console-2.1.2/lib/web_console/templates/main.js.erb within layouts/javascript (0.3ms)
  Rendered /Users/Daniel/.rvm/gems/ruby-2.2.0/gems/web-console-2.1.2/lib/web_console/templates/error_page.js.erb within layouts/javascript (0.5ms)
  Rendered /Users/Daniel/.rvm/gems/ruby-2.2.0/gems/web-console-2.1.2/lib/web_console/templates/index.html.erb (103.4ms)


Started GET "/comment" for ::1 at 2015-03-28 09:47:20 -0600

ActionController::RoutingError (No route matches [GET] "/comment"):
  actionpack (4.2.1) lib/action_dispatch/middleware/debug_exceptions.rb:21:in `call'
  web-console (2.1.2) lib/web_console/middleware.rb:37:in `call'
  actionpack (4.2.1) lib/action_dispatch/middleware/show_exceptions.rb:30:in `call'
  railties (4.2.1) lib/rails/rack/logger.rb:38:in `call_app'
  railties (4.2.1) lib/rails/rack/logger.rb:20:in `block in call'
  activesupport (4.2.1) lib/active_support/tagged_logging.rb:68:in `block in tagged'
  activesupport (4.2.1) lib/active_support/tagged_logging.rb:26:in `tagged'
  activesupport (4.2.1) lib/active_support/tagged_logging.rb:68:in `tagged'
  railties (4.2.1) lib/rails/rack/logger.rb:20:in `call'
  actionpack (4.2.1) lib/action_dispatch/middleware/request_id.rb:21:in `call'
  rack (1.6.0) lib/rack/methodoverride.rb:22:in `call'
  rack (1.6.0) lib/rack/runtime.rb:18:in `call'
  activesupport (4.2.1) lib/active_support/cache/strategy/local_cache_middleware.rb:28:in `call'
  rack (1.6.0) lib/rack/lock.rb:17:in `call'
  actionpack (4.2.1) lib/action_dispatch/middleware/static.rb:113:in `call'
  rack (1.6.0) lib/rack/sendfile.rb:113:in `call'
  railties (4.2.1) lib/rails/engine.rb:518:in `call'
  railties (4.2.1) lib/rails/application.rb:164:in `call'
  rack (1.6.0) lib/rack/lock.rb:17:in `call'
  rack (1.6.0) lib/rack/content_length.rb:15:in `call'
  rack (1.6.0) lib/rack/handler/webrick.rb:89:in `service'
  /Users/Daniel/.rvm/rubies/ruby-2.2.0/lib/ruby/2.2.0/webrick/httpserver.rb:138:in `service'
  /Users/Daniel/.rvm/rubies/ruby-2.2.0/lib/ruby/2.2.0/webrick/httpserver.rb:94:in `run'
  /Users/Daniel/.rvm/rubies/ruby-2.2.0/lib/ruby/2.2.0/webrick/server.rb:294:in `block in start_thread'


  Rendered /Users/Daniel/.rvm/gems/ruby-2.2.0@global/gems/actionpack-4.2.1/lib/action_dispatch/middleware/templates/rescues/_trace.html.erb (1.2ms)
  Rendered /Users/Daniel/.rvm/gems/ruby-2.2.0@global/gems/actionpack-4.2.1/lib/action_dispatch/middleware/templates/routes/_route.html.erb (1.3ms)
  Rendered /Users/Daniel/.rvm/gems/ruby-2.2.0@global/gems/actionpack-4.2.1/lib/action_dispatch/middleware/templates/routes/_table.html.erb (1.5ms)
  Rendered /Users/Daniel/.rvm/gems/ruby-2.2.0@global/gems/actionpack-4.2.1/lib/action_dispatch/middleware/templates/rescues/_request_and_response.html.erb (1.3ms)
  Rendered /Users/Daniel/.rvm/gems/ruby-2.2.0@global/gems/actionpack-4.2.1/lib/action_dispatch/middleware/templates/rescues/routing_error.html.erb within rescues/layout (79.4ms)
  Rendered /Users/Daniel/.rvm/gems/ruby-2.2.0/gems/web-console-2.1.2/lib/web_console/templates/_markup.html.erb (0.4ms)
  Rendered /Users/Daniel/.rvm/gems/ruby-2.2.0/gems/web-console-2.1.2/lib/web_console/templates/style.css.erb within layouts/inlined_string (0.4ms)
  Rendered /Users/Daniel/.rvm/gems/ruby-2.2.0/gems/web-console-2.1.2/lib/web_console/templates/_inner_console_markup.html.erb within layouts/inlined_string (0.3ms)
  Rendered /Users/Daniel/.rvm/gems/ruby-2.2.0/gems/web-console-2.1.2/lib/web_console/templates/_prompt_box_markup.html.erb within layouts/inlined_string (0.4ms)
  Rendered /Users/Daniel/.rvm/gems/ruby-2.2.0/gems/web-console-2.1.2/lib/web_console/templates/console.js.erb within layouts/javascript (45.7ms)
  Rendered /Users/Daniel/.rvm/gems/ruby-2.2.0/gems/web-console-2.1.2/lib/web_console/templates/main.js.erb within layouts/javascript (0.4ms)
  Rendered /Users/Daniel/.rvm/gems/ruby-2.2.0/gems/web-console-2.1.2/lib/web_console/templates/error_page.js.erb within layouts/javascript (0.5ms)
  Rendered /Users/Daniel/.rvm/gems/ruby-2.2.0/gems/web-console-2.1.2/lib/web_console/templates/index.html.erb (99.1ms)


Started GET "/comments" for ::1 at 2015-03-28 09:47:48 -0600
Processing by CommentsController#index as HTML
  [1m[36mComment Load (0.4ms)[0m  [1mSELECT "comments".* FROM "comments"[0m
  Rendered comments/index.html.erb within layouts/application (2.5ms)
Completed 200 OK in 56ms (Views: 52.9ms | ActiveRecord: 1.0ms)


Started GET "/comments/new" for ::1 at 2015-03-28 09:47:50 -0600
Processing by CommentsController#new as HTML
  Rendered comments/_form.html.erb (4.6ms)
  Rendered comments/new.html.erb within layouts/application (6.7ms)
Completed 200 OK in 52ms (Views: 48.8ms | ActiveRecord: 0.5ms)


Started POST "/comments" for ::1 at 2015-03-28 09:47:58 -0600
Processing by CommentsController#create as HTML
  Parameters: {"utf8"=>"✓", "authenticity_token"=>"CW4DGzPztYT+bbHwJvHnEdiGWIR/kVLDW943MOWfEzUO+vDKVkUFw3EKhrQrgGPFUNAge2fzw8jw84okobuH1Q==", "comment"=>{"post_id"=>"1", "body"=>"Great post!"}, "commit"=>"Create Comment"}
  [1m[35m (0.1ms)[0m  BEGIN
  [1m[36mSQL (0.4ms)[0m  [1mINSERT INTO "comments" ("post_id", "body", "created_at", "updated_at") VALUES ($1, $2, $3, $4) RETURNING "id"[0m  [["post_id", 1], ["body", "Great post!"], ["created_at", "2015-03-28 15:47:58.104474"], ["updated_at", "2015-03-28 15:47:58.104474"]]
  [1m[35m (1.0ms)[0m  COMMIT
Redirected to http://localhost:3000/comments/1
Completed 302 Found in 5ms (ActiveRecord: 1.5ms)


Started GET "/comments/1" for ::1 at 2015-03-28 09:47:58 -0600
Processing by CommentsController#show as HTML
  Parameters: {"id"=>"1"}
  [1m[36mComment Load (0.2ms)[0m  [1mSELECT  "comments".* FROM "comments" WHERE "comments"."id" = $1 LIMIT 1[0m  [["id", 1]]
  Rendered comments/show.html.erb within layouts/application (0.7ms)
Completed 200 OK in 61ms (Views: 59.5ms | ActiveRecord: 0.2ms)
  [1m[36mPost Load (0.5ms)[0m  [1mSELECT "posts".* FROM "posts"[0m
  [1m[35mPost Load (0.5ms)[0m  SELECT "posts".* FROM "posts"
  [1m[36mPost Load (0.4ms)[0m  [1mSELECT "posts".* FROM "posts"[0m
  [1m[35mComment Load (0.4ms)[0m  SELECT "comments".* FROM "comments" WHERE "comments"."post_id" = $1  [["post_id", 1]]
  [1m[36mPost Load (0.6ms)[0m  [1mSELECT "posts".* FROM "posts"[0m
  [1m[35m (0.1ms)[0m  BEGIN
  [1m[36mComment Load (0.3ms)[0m  [1mSELECT "comments".* FROM "comments" WHERE "comments"."post_id" = $1[0m  [["post_id", 1]]
  [1m[35mSQL (0.4ms)[0m  DELETE FROM "comments" WHERE "comments"."id" = $1  [["id", 1]]
  [1m[36mSQL (0.2ms)[0m  [1mDELETE FROM "posts" WHERE "posts"."id" = $1[0m  [["id", 1]]
  [1m[35m (13.2ms)[0m  COMMIT
  [1m[36mComment Load (0.4ms)[0m  [1mSELECT "comments".* FROM "comments"[0m


Started GET "/posts" for ::1 at 2015-03-28 11:10:14 -0600
  [1m[36mActiveRecord::SchemaMigration Load (0.4ms)[0m  [1mSELECT "schema_migrations".* FROM "schema_migrations"[0m
Processing by PostsController#index as HTML
  [1m[35mPost Load (0.8ms)[0m  SELECT "posts".* FROM "posts"
  Rendered posts/index.html.erb within layouts/application (5.0ms)
Completed 200 OK in 133ms (Views: 117.8ms | ActiveRecord: 1.7ms)


Started GET "/posts/new" for ::1 at 2015-03-28 11:10:16 -0600
Processing by PostsController#new as HTML
  Rendered posts/_form.html.erb (20.0ms)
  Rendered posts/new.html.erb within layouts/application (24.6ms)
Completed 200 OK in 76ms (Views: 70.2ms | ActiveRecord: 1.7ms)


Started POST "/posts" for ::1 at 2015-03-28 11:10:18 -0600
Processing by PostsController#create as HTML
  Parameters: {"utf8"=>"✓", "authenticity_token"=>"4HbMo54DIxL2TCk29bQgNDOk/oAKD5/Sxzo36dM+tl/n4j9y+7WTVXkrHnL4xaTgu/KGfxJtDtlsF4r9lxoivw==", "post"=>{"title"=>"", "body"=>""}, "commit"=>"Create Post"}
  [1m[36m (0.4ms)[0m  [1mBEGIN[0m
  [1m[35m (0.4ms)[0m  ROLLBACK
  Rendered posts/_form.html.erb (3.4ms)
  Rendered posts/new.html.erb within layouts/application (5.0ms)
Completed 200 OK in 66ms (Views: 59.5ms | ActiveRecord: 0.8ms)
  [1m[36mPost Load (11.4ms)[0m  [1mSELECT "posts".* FROM "posts"[0m
  [1m[35mPost Load (0.5ms)[0m  SELECT "posts".* FROM "posts"
  [1m[36mPost Load (0.3ms)[0m  [1mSELECT "posts".* FROM "posts"[0m
  [1m[35mPost Load (0.3ms)[0m  SELECT "posts".* FROM "posts"
  [1m[36mPost Load (0.5ms)[0m  [1mSELECT "posts".* FROM "posts"[0m
  [1m[35mPost Load (0.6ms)[0m  SELECT "posts".* FROM "posts"
  [1m[36mPost Load (0.9ms)[0m  [1mSELECT "posts".* FROM "posts"[0m
  [1m[35mPost Load (0.7ms)[0m  SELECT "posts".* FROM "posts"


Started GET "/posts" for ::1 at 2015-04-19 20:50:47 -0500
  [1m[36mActiveRecord::SchemaMigration Load (1.1ms)[0m  [1mSELECT "schema_migrations".* FROM "schema_migrations"[0m
Processing by PostsController#index as HTML
  [1m[35mPost Load (0.5ms)[0m  SELECT "posts".* FROM "posts"
  Rendered posts/index.html.erb within layouts/application (5.3ms)
Completed 200 OK in 135ms (Views: 118.1ms | ActiveRecord: 1.4ms)


Started GET "/assets/comments-64e62ddc273c2f5847f30d698ca14b67.css?body=1" for ::1 at 2015-04-19 20:50:47 -0500


Started GET "/assets/posts-64e62ddc273c2f5847f30d698ca14b67.css?body=1" for ::1 at 2015-04-19 20:50:47 -0500


Started GET "/assets/scaffolds-b443758bebd9d77503f249c38f4d5e8d.css?body=1" for ::1 at 2015-04-19 20:50:47 -0500


Started GET "/assets/application-3caf5de8bd6fa591cf123977b0d00760.css?body=1" for ::1 at 2015-04-19 20:50:47 -0500


Started GET "/assets/jquery-87424c3c19e96d4fb033c10ebe21ec40.js?body=1" for ::1 at 2015-04-19 20:50:47 -0500


Started GET "/assets/jquery_ujs-e27bd20a10d28155845a22d71ef94f2f.js?body=1" for ::1 at 2015-04-19 20:50:47 -0500


Started GET "/assets/comments-fcec5b5a277ac7c20cc9f45a209a3bcd.js?body=1" for ::1 at 2015-04-19 20:50:47 -0500


Started GET "/assets/turbolinks-f87b3583ca50adb0488b031297f5580d.js?body=1" for ::1 at 2015-04-19 20:50:47 -0500


Started GET "/assets/posts-fcec5b5a277ac7c20cc9f45a209a3bcd.js?body=1" for ::1 at 2015-04-19 20:50:47 -0500


Started GET "/assets/application-e5e7face3f4512cb331acefd5e77b444.js?body=1" for ::1 at 2015-04-19 20:50:47 -0500


Started GET "/posts/new" for ::1 at 2015-04-19 20:50:49 -0500
Processing by PostsController#new as HTML
  Rendered posts/_form.html.erb (24.1ms)
  Rendered posts/new.html.erb within layouts/application (30.4ms)
Completed 200 OK in 112ms (Views: 87.0ms | ActiveRecord: 20.9ms)


Started POST "/posts" for ::1 at 2015-04-19 20:50:55 -0500
Processing by PostsController#create as HTML
  Parameters: {"utf8"=>"✓", "authenticity_token"=>"IK5twsC89/pFXm32nLBB1oHrRlpuMn0R0Qhd3tefTFYnOp4TpQpHvco5WrKRwcUCCb0+pXZQ7Bp6JeDKk7vYtg==", "post"=>{"title"=>"new post", "body"=>"body post"}, "commit"=>"Create Post"}
  [1m[36m (11.2ms)[0m  [1mBEGIN[0m
  [1m[35mSQL (31.1ms)[0m  INSERT INTO "posts" ("title", "body", "created_at", "updated_at") VALUES ($1, $2, $3, $4) RETURNING "id"  [["title", "new post"], ["body", "body post"], ["created_at", "2015-04-20 01:50:55.875873"], ["updated_at", "2015-04-20 01:50:55.875873"]]
  [1m[36m (23.9ms)[0m  [1mCOMMIT[0m
Redirected to http://localhost:3000/posts/2
Completed 302 Found in 82ms (ActiveRecord: 66.3ms)


Started GET "/posts/2" for ::1 at 2015-04-19 20:50:55 -0500
Processing by PostsController#show as HTML
  Parameters: {"id"=>"2"}
  [1m[35mPost Load (12.4ms)[0m  SELECT  "posts".* FROM "posts" WHERE "posts"."id" = $1 LIMIT 1  [["id", 2]]
  Rendered posts/show.html.erb within layouts/application (0.8ms)
Completed 200 OK in 64ms (Views: 43.1ms | ActiveRecord: 12.4ms)


Started GET "/posts" for ::1 at 2015-04-19 20:50:59 -0500
Processing by PostsController#index as HTML
  [1m[36mPost Load (0.2ms)[0m  [1mSELECT "posts".* FROM "posts"[0m
  Rendered posts/index.html.erb within layouts/application (1.7ms)
Completed 200 OK in 50ms (Views: 49.2ms | ActiveRecord: 0.2ms)


Started GET "/posts/2" for ::1 at 2015-04-19 20:51:01 -0500
Processing by PostsController#show as HTML
  Parameters: {"id"=>"2"}
  [1m[35mPost Load (0.2ms)[0m  SELECT  "posts".* FROM "posts" WHERE "posts"."id" = $1 LIMIT 1  [["id", 2]]
  Rendered posts/show.html.erb within layouts/application (0.6ms)
Completed 200 OK in 44ms (Views: 43.1ms | ActiveRecord: 0.2ms)


Started GET "/posts" for ::1 at 2015-04-19 20:51:02 -0500
Processing by PostsController#index as HTML
  [1m[36mPost Load (0.2ms)[0m  [1mSELECT "posts".* FROM "posts"[0m
  Rendered posts/index.html.erb within layouts/application (1.1ms)
Completed 200 OK in 54ms (Views: 53.0ms | ActiveRecord: 0.2ms)


Started GET "/posts/new" for ::1 at 2015-04-19 20:51:05 -0500
Processing by PostsController#new as HTML
  Rendered posts/_form.html.erb (1.4ms)
  Rendered posts/new.html.erb within layouts/application (3.0ms)
Completed 200 OK in 47ms (Views: 45.9ms | ActiveRecord: 0.0ms)


Started POST "/posts" for ::1 at 2015-04-19 20:51:17 -0500
Processing by PostsController#create as HTML
  Parameters: {"utf8"=>"✓", "authenticity_token"=>"9sdIZU+Lj78dXecScIm8S08W4ahISCX213KWzLUh8yfxU7u0Kj0/+JI60FZ9+Difx0CZV1AqtP18XyvY8QVnxw==", "post"=>{"title"=>"new post 3", "body"=>"body post 3"}, "commit"=>"Create Post"}
  [1m[35m (0.2ms)[0m  BEGIN
  [1m[36mSQL (0.2ms)[0m  [1mINSERT INTO "posts" ("title", "body", "created_at", "updated_at") VALUES ($1, $2, $3, $4) RETURNING "id"[0m  [["title", "new post 3"], ["body", "body post 3"], ["created_at", "2015-04-20 01:51:17.549380"], ["updated_at", "2015-04-20 01:51:17.549380"]]
  [1m[35m (6.1ms)[0m  COMMIT
Redirected to http://localhost:3000/posts/3
Completed 302 Found in 11ms (ActiveRecord: 6.5ms)


Started GET "/posts/3" for ::1 at 2015-04-19 20:51:17 -0500
Processing by PostsController#show as HTML
  Parameters: {"id"=>"3"}
  [1m[36mPost Load (0.6ms)[0m  [1mSELECT  "posts".* FROM "posts" WHERE "posts"."id" = $1 LIMIT 1[0m  [["id", 3]]
  Rendered posts/show.html.erb within layouts/application (1.6ms)
Completed 200 OK in 55ms (Views: 52.5ms | ActiveRecord: 0.6ms)


Started GET "/posts" for ::1 at 2015-04-19 20:51:19 -0500
Processing by PostsController#index as HTML
  [1m[35mPost Load (0.3ms)[0m  SELECT "posts".* FROM "posts"
  Rendered posts/index.html.erb within layouts/application (1.5ms)
Completed 200 OK in 45ms (Views: 44.3ms | ActiveRecord: 0.3ms)


Started GET "/comments" for ::1 at 2015-04-19 20:51:26 -0500
Processing by CommentsController#index as HTML
  [1m[36mComment Load (8.1ms)[0m  [1mSELECT "comments".* FROM "comments"[0m
  Rendered comments/index.html.erb within layouts/application (11.5ms)
Completed 200 OK in 68ms (Views: 54.1ms | ActiveRecord: 8.8ms)


Started GET "/comments/new" for ::1 at 2015-04-19 20:51:27 -0500
Processing by CommentsController#new as HTML
  Rendered comments/_form.html.erb (4.0ms)
  Rendered comments/new.html.erb within layouts/application (6.6ms)
Completed 200 OK in 56ms (Views: 52.6ms | ActiveRecord: 0.5ms)


Started POST "/comments" for ::1 at 2015-04-19 20:51:35 -0500
Processing by CommentsController#create as HTML
  Parameters: {"utf8"=>"✓", "authenticity_token"=>"dsL1LzKHRUkvE7rkmapbOTiPLK8JkkjCLcCgQqRhqvxxVgb+VzH1DqB0jaCU29/tsNlUUBHw2cmG7R1W4EU+HA==", "comment"=>{"post_id"=>"2", "body"=>"comment one"}, "commit"=>"Create Comment"}
  [1m[35m (0.1ms)[0m  BEGIN
  [1m[36mSQL (2.0ms)[0m  [1mINSERT INTO "comments" ("post_id", "body", "created_at", "updated_at") VALUES ($1, $2, $3, $4) RETURNING "id"[0m  [["post_id", 2], ["body", "comment one"], ["created_at", "2015-04-20 01:51:35.286902"], ["updated_at", "2015-04-20 01:51:35.286902"]]
  [1m[35m (1.5ms)[0m  COMMIT
Redirected to http://localhost:3000/comments/2
Completed 302 Found in 11ms (ActiveRecord: 3.5ms)


Started GET "/comments/2" for ::1 at 2015-04-19 20:51:35 -0500
Processing by CommentsController#show as HTML
  Parameters: {"id"=>"2"}
  [1m[36mComment Load (0.9ms)[0m  [1mSELECT  "comments".* FROM "comments" WHERE "comments"."id" = $1 LIMIT 1[0m  [["id", 2]]
  Rendered comments/show.html.erb within layouts/application (0.7ms)
Completed 200 OK in 58ms (Views: 54.9ms | ActiveRecord: 0.9ms)


Started GET "/comments" for ::1 at 2015-04-19 20:51:37 -0500
Processing by CommentsController#index as HTML
  [1m[35mComment Load (0.2ms)[0m  SELECT "comments".* FROM "comments"
  Rendered comments/index.html.erb within layouts/application (1.7ms)
Completed 200 OK in 42ms (Views: 41.0ms | ActiveRecord: 0.2ms)


Started GET "/comments/new" for ::1 at 2015-04-19 20:51:38 -0500
Processing by CommentsController#new as HTML
  Rendered comments/_form.html.erb (1.7ms)
  Rendered comments/new.html.erb within layouts/application (3.7ms)
Completed 200 OK in 56ms (Views: 55.1ms | ActiveRecord: 0.0ms)


Started POST "/comments" for ::1 at 2015-04-19 20:51:45 -0500
Processing by CommentsController#create as HTML
  Parameters: {"utf8"=>"✓", "authenticity_token"=>"5HAu4CbB8FSlHpDYV1OM8mTw9Ocwhx2oNiR+/KJhhi/j5N0xQ3dAEyp5p5xaIggm7KaMGCjljKOdCcPo5kUSzw==", "comment"=>{"post_id"=>"2", "body"=>"comment 2"}, "commit"=>"Create Comment"}
  [1m[36m (0.1ms)[0m  [1mBEGIN[0m
  [1m[35mSQL (0.2ms)[0m  INSERT INTO "comments" ("post_id", "body", "created_at", "updated_at") VALUES ($1, $2, $3, $4) RETURNING "id"  [["post_id", 2], ["body", "comment 2"], ["created_at", "2015-04-20 01:51:45.766918"], ["updated_at", "2015-04-20 01:51:45.766918"]]
  [1m[36m (1.0ms)[0m  [1mCOMMIT[0m
Redirected to http://localhost:3000/comments/3
Completed 302 Found in 4ms (ActiveRecord: 1.2ms)


Started GET "/comments/3" for ::1 at 2015-04-19 20:51:45 -0500
Processing by CommentsController#show as HTML
  Parameters: {"id"=>"3"}
  [1m[35mComment Load (0.4ms)[0m  SELECT  "comments".* FROM "comments" WHERE "comments"."id" = $1 LIMIT 1  [["id", 3]]
  Rendered comments/show.html.erb within layouts/application (0.6ms)
Completed 200 OK in 56ms (Views: 54.2ms | ActiveRecord: 0.4ms)


Started GET "/comments" for ::1 at 2015-04-19 20:51:46 -0500
Processing by CommentsController#index as HTML
  [1m[36mComment Load (0.4ms)[0m  [1mSELECT "comments".* FROM "comments"[0m
  Rendered comments/index.html.erb within layouts/application (2.0ms)
Completed 200 OK in 48ms (Views: 46.4ms | ActiveRecord: 0.4ms)


Started GET "/comments/new" for ::1 at 2015-04-19 20:51:47 -0500
Processing by CommentsController#new as HTML
  Rendered comments/_form.html.erb (1.6ms)
  Rendered comments/new.html.erb within layouts/application (3.0ms)
Completed 200 OK in 46ms (Views: 44.6ms | ActiveRecord: 0.0ms)


Started POST "/comments" for ::1 at 2015-04-19 20:51:55 -0500
Processing by CommentsController#create as HTML
  Parameters: {"utf8"=>"✓", "authenticity_token"=>"DB0vHjg73KrGAHVu+yKRS0EvSSkZi3D3MX5S9Nw5qfILidzPXY1s7UlnQir2UxWfyXkx1gHp4fyaU+/gmB09Eg==", "comment"=>{"post_id"=>"2", "body"=>"comment 3"}, "commit"=>"Create Comment"}
  [1m[35m (0.1ms)[0m  BEGIN
  [1m[36mSQL (0.2ms)[0m  [1mINSERT INTO "comments" ("post_id", "body", "created_at", "updated_at") VALUES ($1, $2, $3, $4) RETURNING "id"[0m  [["post_id", 2], ["body", "comment 3"], ["created_at", "2015-04-20 01:51:55.195856"], ["updated_at", "2015-04-20 01:51:55.195856"]]
  [1m[35m (0.9ms)[0m  COMMIT
Redirected to http://localhost:3000/comments/4
Completed 302 Found in 6ms (ActiveRecord: 1.2ms)


Started GET "/comments/4" for ::1 at 2015-04-19 20:51:55 -0500
Processing by CommentsController#show as HTML
  Parameters: {"id"=>"4"}
  [1m[36mComment Load (0.8ms)[0m  [1mSELECT  "comments".* FROM "comments" WHERE "comments"."id" = $1 LIMIT 1[0m  [["id", 4]]
  Rendered comments/show.html.erb within layouts/application (0.3ms)
Completed 200 OK in 49ms (Views: 46.0ms | ActiveRecord: 0.8ms)


Started GET "/comments" for ::1 at 2015-04-19 20:51:56 -0500
Processing by CommentsController#index as HTML
  [1m[35mComment Load (0.3ms)[0m  SELECT "comments".* FROM "comments"
  Rendered comments/index.html.erb within layouts/application (1.6ms)
Completed 200 OK in 48ms (Views: 47.5ms | ActiveRecord: 0.3ms)


Started GET "/comments/new" for ::1 at 2015-04-19 20:51:57 -0500
Processing by CommentsController#new as HTML
  Rendered comments/_form.html.erb (1.2ms)
  Rendered comments/new.html.erb within layouts/application (2.6ms)
Completed 200 OK in 46ms (Views: 45.4ms | ActiveRecord: 0.0ms)


Started POST "/comments" for ::1 at 2015-04-19 20:52:02 -0500
Processing by CommentsController#create as HTML
  Parameters: {"utf8"=>"✓", "authenticity_token"=>"BAAsTQCtrrROH8Dj+YQxCffyLsTk4FXpIdpxRkwr2Y8DlN+cZRse88F496f09bXdf6RWO/yCxOKK98xSCA9Nbw==", "comment"=>{"post_id"=>"3", "body"=>"commnet 1"}, "commit"=>"Create Comment"}
  [1m[36m (0.1ms)[0m  [1mBEGIN[0m
  [1m[35mSQL (0.2ms)[0m  INSERT INTO "comments" ("post_id", "body", "created_at", "updated_at") VALUES ($1, $2, $3, $4) RETURNING "id"  [["post_id", 3], ["body", "commnet 1"], ["created_at", "2015-04-20 01:52:02.156956"], ["updated_at", "2015-04-20 01:52:02.156956"]]
  [1m[36m (2.6ms)[0m  [1mCOMMIT[0m
Redirected to http://localhost:3000/comments/5
Completed 302 Found in 6ms (ActiveRecord: 2.8ms)


Started GET "/comments/5" for ::1 at 2015-04-19 20:52:02 -0500
Processing by CommentsController#show as HTML
  Parameters: {"id"=>"5"}
  [1m[35mComment Load (0.8ms)[0m  SELECT  "comments".* FROM "comments" WHERE "comments"."id" = $1 LIMIT 1  [["id", 5]]
  Rendered comments/show.html.erb within layouts/application (0.3ms)
Completed 200 OK in 67ms (Views: 64.4ms | ActiveRecord: 0.8ms)


Started GET "/comments" for ::1 at 2015-04-19 20:52:03 -0500
Processing by CommentsController#index as HTML
  [1m[36mComment Load (0.3ms)[0m  [1mSELECT "comments".* FROM "comments"[0m
  Rendered comments/index.html.erb within layouts/application (2.0ms)
Completed 200 OK in 49ms (Views: 47.9ms | ActiveRecord: 0.3ms)


Started GET "/comments/new" for ::1 at 2015-04-19 20:52:05 -0500
Processing by CommentsController#new as HTML
  Rendered comments/_form.html.erb (1.3ms)
  Rendered comments/new.html.erb within layouts/application (3.0ms)
Completed 200 OK in 55ms (Views: 54.3ms | ActiveRecord: 0.0ms)


Started POST "/comments" for ::1 at 2015-04-19 20:52:12 -0500
Processing by CommentsController#create as HTML
  Parameters: {"utf8"=>"✓", "authenticity_token"=>"i3eBa11ihDpzs87eo96OsGEHGdvZgXCu54WoNwRptcWM43K6ONQ0ffzU+Zqurwpk6VFhJMHj4aVMqBUjQE0hJQ==", "comment"=>{"post_id"=>"3", "body"=>"comment 2"}, "commit"=>"Create Comment"}
  [1m[35m (0.1ms)[0m  BEGIN
  [1m[36mSQL (0.2ms)[0m  [1mINSERT INTO "comments" ("post_id", "body", "created_at", "updated_at") VALUES ($1, $2, $3, $4) RETURNING "id"[0m  [["post_id", 3], ["body", "comment 2"], ["created_at", "2015-04-20 01:52:12.279565"], ["updated_at", "2015-04-20 01:52:12.279565"]]
  [1m[35m (5.9ms)[0m  COMMIT
Redirected to http://localhost:3000/comments/6
Completed 302 Found in 9ms (ActiveRecord: 6.1ms)


Started GET "/comments/6" for ::1 at 2015-04-19 20:52:12 -0500
Processing by CommentsController#show as HTML
  Parameters: {"id"=>"6"}
  [1m[36mComment Load (0.2ms)[0m  [1mSELECT  "comments".* FROM "comments" WHERE "comments"."id" = $1 LIMIT 1[0m  [["id", 6]]
  Rendered comments/show.html.erb within layouts/application (0.7ms)
Completed 200 OK in 53ms (Views: 51.9ms | ActiveRecord: 0.2ms)


Started GET "/comments" for ::1 at 2015-04-19 20:52:13 -0500
Processing by CommentsController#index as HTML
  [1m[35mComment Load (0.2ms)[0m  SELECT "comments".* FROM "comments"
  Rendered comments/index.html.erb within layouts/application (1.9ms)
Completed 200 OK in 46ms (Views: 44.9ms | ActiveRecord: 0.2ms)


Started GET "/posts" for ::1 at 2015-04-19 20:57:41 -0500
Processing by PostsController#index as HTML
  [1m[36mPost Load (0.2ms)[0m  [1mSELECT "posts".* FROM "posts"[0m
  Rendered posts/index.html.erb within layouts/application (1.6ms)
Completed 200 OK in 56ms (Views: 54.8ms | ActiveRecord: 0.2ms)


Started GET "/posts/2" for ::1 at 2015-04-19 20:57:45 -0500
Processing by PostsController#show as HTML
  Parameters: {"id"=>"2"}
  [1m[35mPost Load (0.3ms)[0m  SELECT  "posts".* FROM "posts" WHERE "posts"."id" = $1 LIMIT 1  [["id", 2]]
  Rendered posts/show.html.erb within layouts/application (0.4ms)
Completed 200 OK in 54ms (Views: 52.2ms | ActiveRecord: 0.3ms)


Started GET "/posts/2/comments" for ::1 at 2015-04-19 20:58:10 -0500
Processing by CommentsController#index as HTML
  Parameters: {"post_id"=>"2"}
  [1m[36mComment Load (0.3ms)[0m  [1mSELECT "comments".* FROM "comments"[0m
  Rendered comments/index.html.erb within layouts/application (2.3ms)
Completed 200 OK in 58ms (Views: 57.2ms | ActiveRecord: 0.3ms)


Started GET "/posts" for ::1 at 2015-04-19 21:05:32 -0500
Processing by PostsController#index as HTML
  [1m[35mPost Load (0.3ms)[0m  SELECT "posts".* FROM "posts"
  Rendered posts/index.html.erb within layouts/application (1.8ms)
Completed 200 OK in 64ms (Views: 63.5ms | ActiveRecord: 0.3ms)


Started GET "/posts/2" for ::1 at 2015-04-19 21:05:42 -0500
Processing by PostsController#show as HTML
  Parameters: {"id"=>"2"}
  [1m[36mPost Load (0.3ms)[0m  [1mSELECT  "posts".* FROM "posts" WHERE "posts"."id" = $1 LIMIT 1[0m  [["id", 2]]
  [1m[35mComment Load (0.2ms)[0m  SELECT "comments".* FROM "comments" WHERE "comments"."post_id" = $1  [["post_id", 2]]
  Rendered posts/show.html.erb within layouts/application (26.0ms)
Completed 200 OK in 73ms (Views: 71.9ms | ActiveRecord: 0.5ms)


Started GET "/posts/2" for ::1 at 2015-04-19 21:06:02 -0500
Processing by PostsController#show as HTML
  Parameters: {"id"=>"2"}
  [1m[36mPost Load (0.2ms)[0m  [1mSELECT  "posts".* FROM "posts" WHERE "posts"."id" = $1 LIMIT 1[0m  [["id", 2]]
  [1m[35mComment Load (0.2ms)[0m  SELECT "comments".* FROM "comments" WHERE "comments"."post_id" = $1  [["post_id", 2]]
  Rendered posts/show.html.erb within layouts/application (2.2ms)
Completed 200 OK in 57ms (Views: 55.6ms | ActiveRecord: 0.4ms)


Started GET "/posts/2" for ::1 at 2015-04-19 21:09:53 -0500
Processing by PostsController#show as HTML
  Parameters: {"id"=>"2"}
  [1m[36mPost Load (0.2ms)[0m  [1mSELECT  "posts".* FROM "posts" WHERE "posts"."id" = $1 LIMIT 1[0m  [["id", 2]]
  Rendered posts/show.html.erb within layouts/application (1.3ms)
Completed 500 Internal Server Error in 5ms (ActiveRecord: 0.2ms)

SyntaxError (/Users/Daniel/RubyOnRails/another/blog/app/views/posts/show.html.erb:25: syntax error, unexpected keyword_do_block, expecting ')'
...orm_for([@post, Comment.new] do |f|) );@output_buffer.safe_a...
...                               ^
/Users/Daniel/RubyOnRails/another/blog/app/views/posts/show.html.erb:30: syntax error, unexpected keyword_end, expecting ')'
'.freeze; end 
             ^
/Users/Daniel/RubyOnRails/another/blog/app/views/posts/show.html.erb:35: syntax error, unexpected keyword_ensure, expecting ')'
/Users/Daniel/RubyOnRails/another/blog/app/views/posts/show.html.erb:37: syntax error, unexpected keyword_end, expecting ')'):
  app/views/posts/show.html.erb:25: syntax error, unexpected keyword_do_block, expecting ')'
  app/views/posts/show.html.erb:30: syntax error, unexpected keyword_end, expecting ')'
  app/views/posts/show.html.erb:35: syntax error, unexpected keyword_ensure, expecting ')'
  app/views/posts/show.html.erb:37: syntax error, unexpected keyword_end, expecting ')'


  Rendered /Users/Daniel/.rvm/gems/ruby-2.2.0@global/gems/actionpack-4.2.1/lib/action_dispatch/middleware/templates/rescues/_source.erb (5.8ms)
  Rendered /Users/Daniel/.rvm/gems/ruby-2.2.0@global/gems/actionpack-4.2.1/lib/action_dispatch/middleware/templates/rescues/_trace.html.erb (3.0ms)
  Rendered /Users/Daniel/.rvm/gems/ruby-2.2.0@global/gems/actionpack-4.2.1/lib/action_dispatch/middleware/templates/rescues/_request_and_response.html.erb (1.0ms)
  Rendered /Users/Daniel/.rvm/gems/ruby-2.2.0@global/gems/actionpack-4.2.1/lib/action_dispatch/middleware/templates/rescues/diagnostics.html.erb within rescues/layout (76.4ms)
  Rendered /Users/Daniel/.rvm/gems/ruby-2.2.0/gems/web-console-2.1.2/lib/web_console/templates/_markup.html.erb (0.6ms)
  Rendered /Users/Daniel/.rvm/gems/ruby-2.2.0/gems/web-console-2.1.2/lib/web_console/templates/style.css.erb within layouts/inlined_string (0.4ms)
  Rendered /Users/Daniel/.rvm/gems/ruby-2.2.0/gems/web-console-2.1.2/lib/web_console/templates/_inner_console_markup.html.erb within layouts/inlined_string (0.4ms)
  Rendered /Users/Daniel/.rvm/gems/ruby-2.2.0/gems/web-console-2.1.2/lib/web_console/templates/_prompt_box_markup.html.erb within layouts/inlined_string (0.4ms)
  Rendered /Users/Daniel/.rvm/gems/ruby-2.2.0/gems/web-console-2.1.2/lib/web_console/templates/console.js.erb within layouts/javascript (52.0ms)
  Rendered /Users/Daniel/.rvm/gems/ruby-2.2.0/gems/web-console-2.1.2/lib/web_console/templates/main.js.erb within layouts/javascript (0.3ms)
  Rendered /Users/Daniel/.rvm/gems/ruby-2.2.0/gems/web-console-2.1.2/lib/web_console/templates/error_page.js.erb within layouts/javascript (0.7ms)
  Rendered /Users/Daniel/.rvm/gems/ruby-2.2.0/gems/web-console-2.1.2/lib/web_console/templates/index.html.erb (119.2ms)


Started GET "/posts/2" for ::1 at 2015-04-19 21:10:54 -0500
Processing by PostsController#show as HTML
  Parameters: {"id"=>"2"}
  [1m[35mPost Load (0.2ms)[0m  SELECT  "posts".* FROM "posts" WHERE "posts"."id" = $1 LIMIT 1  [["id", 2]]
  Rendered posts/show.html.erb within layouts/application (1.5ms)
Completed 500 Internal Server Error in 7ms (ActiveRecord: 0.2ms)

SyntaxError (/Users/Daniel/RubyOnRails/another/blog/app/views/posts/show.html.erb:25: syntax error, unexpected keyword_do_block, expecting ')'
...orm_for([@post, Comment.new] do |f|) );@output_buffer.safe_a...
...                               ^
/Users/Daniel/RubyOnRails/another/blog/app/views/posts/show.html.erb:30: syntax error, unexpected keyword_end, expecting ')'
'.freeze; end 
             ^
/Users/Daniel/RubyOnRails/another/blog/app/views/posts/show.html.erb:35: syntax error, unexpected keyword_ensure, expecting ')'
/Users/Daniel/RubyOnRails/another/blog/app/views/posts/show.html.erb:37: syntax error, unexpected keyword_end, expecting ')'):
  app/views/posts/show.html.erb:25: syntax error, unexpected keyword_do_block, expecting ')'
  app/views/posts/show.html.erb:30: syntax error, unexpected keyword_end, expecting ')'
  app/views/posts/show.html.erb:35: syntax error, unexpected keyword_ensure, expecting ')'
  app/views/posts/show.html.erb:37: syntax error, unexpected keyword_end, expecting ')'


  Rendered /Users/Daniel/.rvm/gems/ruby-2.2.0@global/gems/actionpack-4.2.1/lib/action_dispatch/middleware/templates/rescues/_source.erb (7.5ms)
  Rendered /Users/Daniel/.rvm/gems/ruby-2.2.0@global/gems/actionpack-4.2.1/lib/action_dispatch/middleware/templates/rescues/_trace.html.erb (2.7ms)
  Rendered /Users/Daniel/.rvm/gems/ruby-2.2.0@global/gems/actionpack-4.2.1/lib/action_dispatch/middleware/templates/rescues/_request_and_response.html.erb (0.9ms)
  Rendered /Users/Daniel/.rvm/gems/ruby-2.2.0@global/gems/actionpack-4.2.1/lib/action_dispatch/middleware/templates/rescues/diagnostics.html.erb within rescues/layout (69.6ms)
  Rendered /Users/Daniel/.rvm/gems/ruby-2.2.0/gems/web-console-2.1.2/lib/web_console/templates/_markup.html.erb (0.4ms)
  Rendered /Users/Daniel/.rvm/gems/ruby-2.2.0/gems/web-console-2.1.2/lib/web_console/templates/style.css.erb within layouts/inlined_string (0.3ms)
  Rendered /Users/Daniel/.rvm/gems/ruby-2.2.0/gems/web-console-2.1.2/lib/web_console/templates/_inner_console_markup.html.erb within layouts/inlined_string (0.3ms)
  Rendered /Users/Daniel/.rvm/gems/ruby-2.2.0/gems/web-console-2.1.2/lib/web_console/templates/_prompt_box_markup.html.erb within layouts/inlined_string (0.3ms)
  Rendered /Users/Daniel/.rvm/gems/ruby-2.2.0/gems/web-console-2.1.2/lib/web_console/templates/console.js.erb within layouts/javascript (40.9ms)
  Rendered /Users/Daniel/.rvm/gems/ruby-2.2.0/gems/web-console-2.1.2/lib/web_console/templates/main.js.erb within layouts/javascript (0.3ms)
  Rendered /Users/Daniel/.rvm/gems/ruby-2.2.0/gems/web-console-2.1.2/lib/web_console/templates/error_page.js.erb within layouts/javascript (0.6ms)
  Rendered /Users/Daniel/.rvm/gems/ruby-2.2.0/gems/web-console-2.1.2/lib/web_console/templates/index.html.erb (92.4ms)


Started GET "/posts/2" for ::1 at 2015-04-19 21:11:30 -0500
Processing by PostsController#show as HTML
  Parameters: {"id"=>"2"}
  [1m[36mPost Load (0.2ms)[0m  [1mSELECT  "posts".* FROM "posts" WHERE "posts"."id" = $1 LIMIT 1[0m  [["id", 2]]
  [1m[35mComment Load (0.5ms)[0m  SELECT "comments".* FROM "comments" WHERE "comments"."post_id" = $1  [["post_id", 2]]
  Rendered posts/show.html.erb within layouts/application (8.0ms)
Completed 200 OK in 48ms (Views: 46.5ms | ActiveRecord: 0.7ms)


Started POST "/posts/2/comments" for ::1 at 2015-04-19 21:11:35 -0500
Processing by CommentsController#create as HTML
  Parameters: {"utf8"=>"✓", "authenticity_token"=>"zK1uYl3ybQNH3itf05cOQvtueUmrPsHm4U9Duv0Oor/LOZ2zOETdRMi5HBve5oqWczgBtrNcUO1KYv6uuSo2Xw==", "comment"=>{"body"=>"comment 4"}, "commit"=>"Add Comment", "post_id"=>"2"}
  [1m[36m (0.2ms)[0m  [1mBEGIN[0m
  [1m[35m (1.0ms)[0m  ROLLBACK
  Rendered comments/_form.html.erb (2.2ms)
  Rendered comments/new.html.erb within layouts/application (3.7ms)
Completed 200 OK in 63ms (Views: 55.6ms | ActiveRecord: 1.1ms)


Started POST "/posts/2/comments" for ::1 at 2015-04-19 21:15:26 -0500
Processing by CommentsController#create as HTML
  Parameters: {"utf8"=>"✓", "authenticity_token"=>"zK1uYl3ybQNH3itf05cOQvtueUmrPsHm4U9Duv0Oor/LOZ2zOETdRMi5HBve5oqWczgBtrNcUO1KYv6uuSo2Xw==", "comment"=>{"body"=>"comment 4"}, "commit"=>"Add Comment", "post_id"=>"2"}
  [1m[36mPost Load (0.1ms)[0m  [1mSELECT  "posts".* FROM "posts" WHERE "posts"."id" = $1 LIMIT 1[0m  [["id", 2]]
Completed 500 Internal Server Error in 11ms (ActiveRecord: 2.4ms)

NoMethodError (undefined method `comment' for #<Post:0x007f9ddbdedae8>):
  app/controllers/comments_controller.rb:28:in `create'


  Rendered /Users/Daniel/.rvm/gems/ruby-2.2.0@global/gems/actionpack-4.2.1/lib/action_dispatch/middleware/templates/rescues/_source.erb (5.3ms)
  Rendered /Users/Daniel/.rvm/gems/ruby-2.2.0@global/gems/actionpack-4.2.1/lib/action_dispatch/middleware/templates/rescues/_trace.html.erb (2.0ms)
  Rendered /Users/Daniel/.rvm/gems/ruby-2.2.0@global/gems/actionpack-4.2.1/lib/action_dispatch/middleware/templates/rescues/_request_and_response.html.erb (1.0ms)
  Rendered /Users/Daniel/.rvm/gems/ruby-2.2.0@global/gems/actionpack-4.2.1/lib/action_dispatch/middleware/templates/rescues/diagnostics.html.erb within rescues/layout (62.8ms)
  Rendered /Users/Daniel/.rvm/gems/ruby-2.2.0/gems/web-console-2.1.2/lib/web_console/templates/_markup.html.erb (0.3ms)
  Rendered /Users/Daniel/.rvm/gems/ruby-2.2.0/gems/web-console-2.1.2/lib/web_console/templates/style.css.erb within layouts/inlined_string (0.4ms)
  Rendered /Users/Daniel/.rvm/gems/ruby-2.2.0/gems/web-console-2.1.2/lib/web_console/templates/_inner_console_markup.html.erb within layouts/inlined_string (0.3ms)
  Rendered /Users/Daniel/.rvm/gems/ruby-2.2.0/gems/web-console-2.1.2/lib/web_console/templates/_prompt_box_markup.html.erb within layouts/inlined_string (0.3ms)
  Rendered /Users/Daniel/.rvm/gems/ruby-2.2.0/gems/web-console-2.1.2/lib/web_console/templates/console.js.erb within layouts/javascript (42.6ms)
  Rendered /Users/Daniel/.rvm/gems/ruby-2.2.0/gems/web-console-2.1.2/lib/web_console/templates/main.js.erb within layouts/javascript (0.3ms)
  Rendered /Users/Daniel/.rvm/gems/ruby-2.2.0/gems/web-console-2.1.2/lib/web_console/templates/error_page.js.erb within layouts/javascript (0.4ms)
  Rendered /Users/Daniel/.rvm/gems/ruby-2.2.0/gems/web-console-2.1.2/lib/web_console/templates/index.html.erb (93.3ms)


Started POST "/posts/2/comments" for ::1 at 2015-04-19 21:15:46 -0500
Processing by CommentsController#create as HTML
  Parameters: {"utf8"=>"✓", "authenticity_token"=>"zK1uYl3ybQNH3itf05cOQvtueUmrPsHm4U9Duv0Oor/LOZ2zOETdRMi5HBve5oqWczgBtrNcUO1KYv6uuSo2Xw==", "comment"=>{"body"=>"comment 4"}, "commit"=>"Add Comment", "post_id"=>"2"}
  [1m[35mPost Load (0.1ms)[0m  SELECT  "posts".* FROM "posts" WHERE "posts"."id" = $1 LIMIT 1  [["id", 2]]
  [1m[36m (0.1ms)[0m  [1mBEGIN[0m
  [1m[35mSQL (0.2ms)[0m  INSERT INTO "comments" ("body", "post_id", "created_at", "updated_at") VALUES ($1, $2, $3, $4) RETURNING "id"  [["body", "comment 4"], ["post_id", 2], ["created_at", "2015-04-20 02:15:46.515775"], ["updated_at", "2015-04-20 02:15:46.515775"]]
  [1m[36m (6.3ms)[0m  [1mCOMMIT[0m
  [1m[35m (0.1ms)[0m  BEGIN
  [1m[36m (0.1ms)[0m  [1mCOMMIT[0m
Redirected to http://localhost:3000/posts/2
Completed 302 Found in 28ms (ActiveRecord: 9.1ms)


Started GET "/posts/2" for ::1 at 2015-04-19 21:15:46 -0500
Processing by PostsController#show as HTML
  Parameters: {"id"=>"2"}
  [1m[35mPost Load (0.2ms)[0m  SELECT  "posts".* FROM "posts" WHERE "posts"."id" = $1 LIMIT 1  [["id", 2]]
  [1m[36mComment Load (0.3ms)[0m  [1mSELECT "comments".* FROM "comments" WHERE "comments"."post_id" = $1[0m  [["post_id", 2]]
  Rendered posts/show.html.erb within layouts/application (4.1ms)
Completed 200 OK in 57ms (Views: 55.3ms | ActiveRecord: 0.5ms)


Started GET "/posts" for ::1 at 2015-04-19 21:22:02 -0500

SyntaxError (/Users/Daniel/RubyOnRails/another/blog/app/controllers/posts_controller.rb:80: syntax error, unexpected end-of-input, expecting keyword_end):
  app/controllers/posts_controller.rb:80: syntax error, unexpected end-of-input, expecting keyword_end


  Rendered /Users/Daniel/.rvm/gems/ruby-2.2.0@global/gems/actionpack-4.2.1/lib/action_dispatch/middleware/templates/rescues/_source.erb (3.6ms)
  Rendered /Users/Daniel/.rvm/gems/ruby-2.2.0@global/gems/actionpack-4.2.1/lib/action_dispatch/middleware/templates/rescues/_trace.html.erb (2.8ms)
  Rendered /Users/Daniel/.rvm/gems/ruby-2.2.0@global/gems/actionpack-4.2.1/lib/action_dispatch/middleware/templates/rescues/_request_and_response.html.erb (1.5ms)
  Rendered /Users/Daniel/.rvm/gems/ruby-2.2.0@global/gems/actionpack-4.2.1/lib/action_dispatch/middleware/templates/rescues/diagnostics.html.erb within rescues/layout (60.5ms)
  Rendered /Users/Daniel/.rvm/gems/ruby-2.2.0/gems/web-console-2.1.2/lib/web_console/templates/_markup.html.erb (0.4ms)
  Rendered /Users/Daniel/.rvm/gems/ruby-2.2.0/gems/web-console-2.1.2/lib/web_console/templates/style.css.erb within layouts/inlined_string (0.5ms)
  Rendered /Users/Daniel/.rvm/gems/ruby-2.2.0/gems/web-console-2.1.2/lib/web_console/templates/_inner_console_markup.html.erb within layouts/inlined_string (0.4ms)
  Rendered /Users/Daniel/.rvm/gems/ruby-2.2.0/gems/web-console-2.1.2/lib/web_console/templates/_prompt_box_markup.html.erb within layouts/inlined_string (0.4ms)
  Rendered /Users/Daniel/.rvm/gems/ruby-2.2.0/gems/web-console-2.1.2/lib/web_console/templates/console.js.erb within layouts/javascript (49.2ms)
  Rendered /Users/Daniel/.rvm/gems/ruby-2.2.0/gems/web-console-2.1.2/lib/web_console/templates/main.js.erb within layouts/javascript (0.5ms)
  Rendered /Users/Daniel/.rvm/gems/ruby-2.2.0/gems/web-console-2.1.2/lib/web_console/templates/error_page.js.erb within layouts/javascript (0.5ms)
  Rendered /Users/Daniel/.rvm/gems/ruby-2.2.0/gems/web-console-2.1.2/lib/web_console/templates/index.html.erb (100.0ms)


Started GET "/posts" for ::1 at 2015-04-19 21:23:06 -0500
Processing by PostsController#index as HTML
  [1m[35mPost Load (0.2ms)[0m  SELECT "posts".* FROM "posts"
  Rendered posts/index.html.erb within layouts/application (6.7ms)
Completed 200 OK in 62ms (Views: 56.8ms | ActiveRecord: 2.1ms)


Started GET "/posts/2/edit" for ::1 at 2015-04-19 21:23:08 -0500
Processing by PostsController#edit as HTML
  Parameters: {"id"=>"2"}
  [1m[36mPost Load (0.2ms)[0m  [1mSELECT  "posts".* FROM "posts" WHERE "posts"."id" = $1 LIMIT 1[0m  [["id", 2]]
Filter chain halted as :authenticate rendered or redirected
Completed 401 Unauthorized in 2ms (ActiveRecord: 0.2ms)


Started GET "/posts/2/edit" for ::1 at 2015-04-19 21:23:13 -0500
Processing by PostsController#edit as HTML
  Parameters: {"id"=>"2"}
  [1m[35mPost Load (0.2ms)[0m  SELECT  "posts".* FROM "posts" WHERE "posts"."id" = $1 LIMIT 1  [["id", 2]]
Filter chain halted as :authenticate rendered or redirected
Completed 401 Unauthorized in 1ms (ActiveRecord: 0.2ms)


Started GET "/posts/2/edit" for ::1 at 2015-04-19 21:23:40 -0500
Processing by PostsController#edit as HTML
  Parameters: {"id"=>"2"}
  [1m[36mPost Load (0.2ms)[0m  [1mSELECT  "posts".* FROM "posts" WHERE "posts"."id" = $1 LIMIT 1[0m  [["id", 2]]
Filter chain halted as :authenticate rendered or redirected
Completed 401 Unauthorized in 1ms (ActiveRecord: 0.2ms)


Started GET "/posts/2/edit" for ::1 at 2015-04-19 21:23:45 -0500
Processing by PostsController#edit as HTML
  Parameters: {"id"=>"2"}
  [1m[35mPost Load (0.2ms)[0m  SELECT  "posts".* FROM "posts" WHERE "posts"."id" = $1 LIMIT 1  [["id", 2]]
  Rendered posts/_form.html.erb (2.5ms)
  Rendered posts/edit.html.erb within layouts/application (4.6ms)
Completed 200 OK in 52ms (Views: 50.6ms | ActiveRecord: 0.2ms)


Started GET "/posts" for ::1 at 2015-04-19 21:23:54 -0500
Processing by PostsController#index as HTML
  [1m[36mPost Load (0.2ms)[0m  [1mSELECT "posts".* FROM "posts"[0m
  Rendered posts/index.html.erb within layouts/application (1.3ms)
Completed 200 OK in 48ms (Views: 46.4ms | ActiveRecord: 0.2ms)


Started GET "/posts/2" for ::1 at 2015-04-19 21:26:42 -0500
Processing by PostsController#show as HTML
  Parameters: {"id"=>"2"}
  [1m[35mPost Load (0.2ms)[0m  SELECT  "posts".* FROM "posts" WHERE "posts"."id" = $1 LIMIT 1  [["id", 2]]
  [1m[36mComment Load (0.2ms)[0m  [1mSELECT "comments".* FROM "comments" WHERE "comments"."post_id" = $1[0m  [["post_id", 2]]
  Rendered posts/show.html.erb within layouts/application (16.9ms)
Completed 200 OK in 63ms (Views: 60.3ms | ActiveRecord: 2.1ms)


Started GET "/" for ::1 at 2015-04-26 11:49:35 -0500
  [1m[36mActiveRecord::SchemaMigration Load (26.1ms)[0m  [1mSELECT "schema_migrations".* FROM "schema_migrations"[0m
Processing by Rails::WelcomeController#index as HTML
  Rendered /Users/Daniel/.rvm/gems/ruby-2.2.0@global/gems/railties-4.2.1/lib/rails/templates/rails/welcome/index.html.erb (2.1ms)
Completed 200 OK in 21ms (Views: 10.6ms | ActiveRecord: 0.0ms)


Started GET "/posts" for ::1 at 2015-04-26 13:11:28 -0500
Processing by PostsController#index as HTML
  [1m[35mPost Load (18.6ms)[0m  SELECT "posts".* FROM "posts"
  Rendered posts/index.html.erb within layouts/application (44.5ms)
Completed 200 OK in 154ms (Views: 114.5ms | ActiveRecord: 31.6ms)


Started GET "/assets/comments-64e62ddc273c2f5847f30d698ca14b67.css?body=1" for ::1 at 2015-04-26 13:11:28 -0500


Started GET "/assets/posts-64e62ddc273c2f5847f30d698ca14b67.css?body=1" for ::1 at 2015-04-26 13:11:28 -0500


Started GET "/assets/scaffolds-b443758bebd9d77503f249c38f4d5e8d.css?body=1" for ::1 at 2015-04-26 13:11:28 -0500


Started GET "/assets/application-3caf5de8bd6fa591cf123977b0d00760.css?body=1" for ::1 at 2015-04-26 13:11:28 -0500


Started GET "/assets/jquery-87424c3c19e96d4fb033c10ebe21ec40.js?body=1" for ::1 at 2015-04-26 13:11:28 -0500


Started GET "/assets/jquery_ujs-e27bd20a10d28155845a22d71ef94f2f.js?body=1" for ::1 at 2015-04-26 13:11:28 -0500


Started GET "/assets/turbolinks-f87b3583ca50adb0488b031297f5580d.js?body=1" for ::1 at 2015-04-26 13:11:28 -0500


Started GET "/assets/comments-fcec5b5a277ac7c20cc9f45a209a3bcd.js?body=1" for ::1 at 2015-04-26 13:11:28 -0500


Started GET "/assets/posts-fcec5b5a277ac7c20cc9f45a209a3bcd.js?body=1" for ::1 at 2015-04-26 13:11:28 -0500


Started GET "/assets/application-e5e7face3f4512cb331acefd5e77b444.js?body=1" for ::1 at 2015-04-26 13:11:28 -0500


Started GET "/posts/new" for ::1 at 2015-04-26 13:11:30 -0500
Processing by PostsController#new as HTML
Filter chain halted as :authenticate rendered or redirected
Completed 401 Unauthorized in 4ms (ActiveRecord: 0.0ms)


Started GET "/posts/new" for ::1 at 2015-04-26 13:11:34 -0500
Processing by PostsController#new as HTML
Filter chain halted as :authenticate rendered or redirected
Completed 401 Unauthorized in 0ms (ActiveRecord: 0.0ms)


Started GET "/posts/new" for ::1 at 2015-04-26 13:11:38 -0500
Processing by PostsController#new as HTML
Filter chain halted as :authenticate rendered or redirected
Completed 401 Unauthorized in 0ms (ActiveRecord: 0.0ms)


Started GET "/posts" for ::1 at 2015-04-26 13:11:42 -0500
Processing by PostsController#index as HTML
  [1m[36mPost Load (0.3ms)[0m  [1mSELECT "posts".* FROM "posts"[0m
  Rendered posts/index.html.erb within layouts/application (2.1ms)
Completed 200 OK in 51ms (Views: 50.1ms | ActiveRecord: 0.3ms)


Started GET "/posts/2" for ::1 at 2015-04-26 13:11:44 -0500
Processing by PostsController#show as HTML
  Parameters: {"id"=>"2"}
  [1m[35mPost Load (1.9ms)[0m  SELECT  "posts".* FROM "posts" WHERE "posts"."id" = $1 LIMIT 1  [["id", 2]]
  [1m[36mComment Load (7.9ms)[0m  [1mSELECT "comments".* FROM "comments" WHERE "comments"."post_id" = $1[0m  [["post_id", 2]]
  Rendered posts/show.html.erb within layouts/application (59.1ms)
Completed 200 OK in 119ms (Views: 97.1ms | ActiveRecord: 11.4ms)


Started POST "/posts/2/comments" for ::1 at 2015-04-26 13:11:51 -0500
Processing by CommentsController#create as JS
  Parameters: {"utf8"=>"✓", "comment"=>{"body"=>"Ajax comment"}, "commit"=>"Add Comment", "post_id"=>"2"}
  [1m[35mPost Load (0.3ms)[0m  SELECT  "posts".* FROM "posts" WHERE "posts"."id" = $1 LIMIT 1  [["id", 2]]
  [1m[36m (6.3ms)[0m  [1mBEGIN[0m
  [1m[35mSQL (6.9ms)[0m  INSERT INTO "comments" ("body", "post_id", "created_at", "updated_at") VALUES ($1, $2, $3, $4) RETURNING "id"  [["body", "Ajax comment"], ["post_id", 2], ["created_at", "2015-04-26 18:11:51.264352"], ["updated_at", "2015-04-26 18:11:51.264352"]]
  [1m[36m (1.7ms)[0m  [1mCOMMIT[0m
  [1m[35m (0.1ms)[0m  BEGIN
  [1m[36m (0.1ms)[0m  [1mCOMMIT[0m
  Rendered comments/_comment.html.erb (0.7ms)
  Rendered comments/create.js.erb (5.8ms)
Completed 200 OK in 34ms (Views: 10.9ms | ActiveRecord: 15.5ms)


Started GET "/posts/2" for ::1 at 2015-04-26 13:15:11 -0500
Processing by PostsController#show as HTML
  Parameters: {"id"=>"2"}
  [1m[35mPost Load (0.2ms)[0m  SELECT  "posts".* FROM "posts" WHERE "posts"."id" = $1 LIMIT 1  [["id", 2]]
  [1m[36mComment Load (0.3ms)[0m  [1mSELECT "comments".* FROM "comments" WHERE "comments"."post_id" = $1[0m  [["post_id", 2]]
  Rendered comments/_comment.html.erb (2.0ms)
  Rendered posts/show.html.erb within layouts/application (8.4ms)
Completed 200 OK in 61ms (Views: 59.6ms | ActiveRecord: 0.6ms)


Started GET "/assets/posts-64e62ddc273c2f5847f30d698ca14b67.css?body=1" for ::1 at 2015-04-26 13:15:11 -0500


Started GET "/assets/scaffolds-b443758bebd9d77503f249c38f4d5e8d.css?body=1" for ::1 at 2015-04-26 13:15:11 -0500


Started GET "/assets/comments-64e62ddc273c2f5847f30d698ca14b67.css?body=1" for ::1 at 2015-04-26 13:15:11 -0500


Started GET "/assets/jquery-87424c3c19e96d4fb033c10ebe21ec40.js?body=1" for ::1 at 2015-04-26 13:15:11 -0500


Started GET "/assets/application-3caf5de8bd6fa591cf123977b0d00760.css?body=1" for ::1 at 2015-04-26 13:15:11 -0500


Started GET "/assets/jquery_ujs-e27bd20a10d28155845a22d71ef94f2f.js?body=1" for ::1 at 2015-04-26 13:15:11 -0500


Started GET "/assets/turbolinks-f87b3583ca50adb0488b031297f5580d.js?body=1" for ::1 at 2015-04-26 13:15:12 -0500


Started GET "/assets/comments-fcec5b5a277ac7c20cc9f45a209a3bcd.js?body=1" for ::1 at 2015-04-26 13:15:12 -0500


Started GET "/assets/posts-fcec5b5a277ac7c20cc9f45a209a3bcd.js?body=1" for ::1 at 2015-04-26 13:15:12 -0500


Started GET "/assets/application-e5e7face3f4512cb331acefd5e77b444.js?body=1" for ::1 at 2015-04-26 13:15:12 -0500


Started POST "/posts/2/comments" for ::1 at 2015-04-26 13:16:36 -0500
Processing by CommentsController#create as JS
  Parameters: {"utf8"=>"✓", "comment"=>{"body"=>"Yet ajax comment"}, "commit"=>"Add Comment", "post_id"=>"2"}
  [1m[35mPost Load (0.2ms)[0m  SELECT  "posts".* FROM "posts" WHERE "posts"."id" = $1 LIMIT 1  [["id", 2]]
  [1m[36m (0.1ms)[0m  [1mBEGIN[0m
  [1m[35mSQL (0.2ms)[0m  INSERT INTO "comments" ("body", "post_id", "created_at", "updated_at") VALUES ($1, $2, $3, $4) RETURNING "id"  [["body", "Yet ajax comment"], ["post_id", 2], ["created_at", "2015-04-26 18:16:36.583935"], ["updated_at", "2015-04-26 18:16:36.583935"]]
  [1m[36m (1.0ms)[0m  [1mCOMMIT[0m
  [1m[35m (0.1ms)[0m  BEGIN
  [1m[36m (0.1ms)[0m  [1mCOMMIT[0m
  Rendered comments/_comment.html.erb (0.3ms)
  Rendered comments/create.js.erb (1.7ms)
Completed 200 OK in 11ms (Views: 5.5ms | ActiveRecord: 1.7ms)
  [1m[36mActiveRecord::SchemaMigration Load (25.4ms)[0m  [1mSELECT "schema_migrations".* FROM "schema_migrations"[0m
  [1m[35mActiveRecord::SchemaMigration Load (0.2ms)[0m  SELECT "schema_migrations".* FROM "schema_migrations"
  [1m[36m (2.9ms)[0m  [1mSELECT t2.oid::regclass::text AS to_table, a1.attname AS column, a2.attname AS primary_key, c.conname AS name, c.confupdtype AS on_update, c.confdeltype AS on_delete
FROM pg_constraint c
JOIN pg_class t1 ON c.conrelid = t1.oid
JOIN pg_class t2 ON c.confrelid = t2.oid
JOIN pg_attribute a1 ON a1.attnum = c.conkey[1] AND a1.attrelid = t1.oid
JOIN pg_attribute a2 ON a2.attnum = c.confkey[1] AND a2.attrelid = t2.oid
JOIN pg_namespace t3 ON c.connamespace = t3.oid
WHERE c.contype = 'f'
  AND t1.relname = 'comments'
  AND t3.nspname = ANY (current_schemas(false))
ORDER BY c.conname
[0m
  [1m[35m (1.9ms)[0m  SELECT t2.oid::regclass::text AS to_table, a1.attname AS column, a2.attname AS primary_key, c.conname AS name, c.confupdtype AS on_update, c.confdeltype AS on_delete
FROM pg_constraint c
JOIN pg_class t1 ON c.conrelid = t1.oid
JOIN pg_class t2 ON c.confrelid = t2.oid
JOIN pg_attribute a1 ON a1.attnum = c.conkey[1] AND a1.attrelid = t1.oid
JOIN pg_attribute a2 ON a2.attnum = c.confkey[1] AND a2.attrelid = t2.oid
JOIN pg_namespace t3 ON c.connamespace = t3.oid
WHERE c.contype = 'f'
  AND t1.relname = 'posts'
  AND t3.nspname = ANY (current_schemas(false))
ORDER BY c.conname

